<?xml version="1.0" encoding="UTF-8"?>
<robot generator="Robot 4.0.3 (Python 3.7.9 on win32)" generated="20210529 21:59:30.744" rpa="false" schemaversion="2">
<suite id="s1" name="Test 010 timeout" source="S:\001_My_Space\92_Workspace\27_Python\004\All_Test\Test_010_timeout_.robot">
<test id="s1-t1" name="MY_test Variables">
<kw name="Open Browser" library="SeleniumLibrary">
<arg>http://www.thetestingworld.com/testings</arg>
<arg>Firefox</arg>
<doc>Opens a new browser instance to the optional ``url``.</doc>
<msg timestamp="20210529 21:59:31.096" level="INFO">Opening browser 'Firefox' to base url 'http://www.thetestingworld.com/testings'.</msg>
<msg timestamp="20210529 21:59:31.098" level="INFO">Firefox driver log is always forced to to: S:\001_My_Space\92_Workspace\27_Python\004\All_Test\geckodriver-5.log</msg>
<status status="PASS" starttime="20210529 21:59:31.095" endtime="20210529 21:59:39.552"/>
</kw>
<kw name="Maximize Browser Window" library="SeleniumLibrary">
<doc>Maximizes current browser window.</doc>
<status status="PASS" starttime="20210529 21:59:39.567" endtime="20210529 21:59:39.854"/>
</kw>
<kw name="Wait Until Page Contains" library="SeleniumLibrary">
<arg>Tesing</arg>
<doc>Waits until ``text`` appears on the current page.</doc>
<kw name="Capture Page Screenshot" library="SeleniumLibrary">
<doc>Takes a screenshot of the current page and embeds it into a log file.</doc>
<msg timestamp="20210529 21:59:45.012" level="INFO" html="true">&lt;/td&gt;&lt;/tr&gt;&lt;tr&gt;&lt;td colspan="3"&gt;&lt;a href="selenium-screenshot-1.png"&gt;&lt;img src="selenium-screenshot-1.png" width="800px"&gt;&lt;/a&gt;</msg>
<status status="PASS" starttime="20210529 21:59:44.864" endtime="20210529 21:59:45.012"/>
</kw>
<msg timestamp="20210529 21:59:45.022" level="FAIL">Text 'Tesing' did not appear in 5 seconds.</msg>
<status status="FAIL" starttime="20210529 21:59:39.855" endtime="20210529 21:59:45.022"/>
</kw>
<kw name="Input Text" library="SeleniumLibrary">
<arg>name:fld_username</arg>
<arg>AAAAAAA</arg>
<doc>Types the given ``text`` into the text field identified by ``locator``.</doc>
<status status="NOT RUN" starttime="20210529 21:59:45.022" endtime="20210529 21:59:45.022"/>
</kw>
<kw name="Input Text" library="SeleniumLibrary">
<arg>name:fld_email</arg>
<arg>BBBBBBBBB</arg>
<doc>Types the given ``text`` into the text field identified by ``locator``.</doc>
<status status="NOT RUN" starttime="20210529 21:59:45.023" endtime="20210529 21:59:45.023"/>
</kw>
<kw name="Input Text" library="SeleniumLibrary">
<arg>name:fld_password</arg>
<arg>CCCCCCCCC</arg>
<doc>Types the given ``text`` into the text field identified by ``locator``.</doc>
<status status="NOT RUN" starttime="20210529 21:59:45.023" endtime="20210529 21:59:45.023"/>
</kw>
<status status="FAIL" starttime="20210529 21:59:31.095" endtime="20210529 21:59:45.024">Text 'Tesing' did not appear in 5 seconds.</status>
</test>
<status status="FAIL" starttime="20210529 21:59:30.748" endtime="20210529 21:59:45.026"/>
</suite>
<statistics>
<total>
<stat pass="0" fail="1" skip="0">All Tests</stat>
</total>
<tag>
</tag>
<suite>
<stat pass="0" fail="1" skip="0" id="s1" name="Test 010 timeout">Test 010 timeout</stat>
</suite>
</statistics>
<errors>
</errors>
</robot>
